<?xml version="1.0" encoding="UTF-8" ?>
<testsuite failures="0" time="0.03" errors="0" skipped="0" tests="1" name="org.arul.firstapp.AppTest">
  <properties>
    <property name="java.vendor" value="Sun Microsystems Inc."/>
    <property name="JOB_NAME" value="HelloWorldJob"/>
    <property name="sun.java.launcher" value="SUN_STANDARD"/>
    <property name="NUMBER_OF_PROCESSORS" value="4"/>
    <property name="sun.management.compiler" value="HotSpot 64-Bit Tiered Compilers"/>
    <property name="HUDSON_SERVER_COOKIE" value="d5dcf01b16de5f5dab6c0b2f9d970fce"/>
    <property name="os.name" value="Windows 7"/>
    <property name="sun.boot.class.path" value="C:\Program Files\Java\jdk1.6.0_25\jre\lib\resources.jar;C:\Program Files\Java\jdk1.6.0_25\jre\lib\rt.jar;C:\Program Files\Java\jdk1.6.0_25\jre\lib\sunrsasign.jar;C:\Program Files\Java\jdk1.6.0_25\jre\lib\jsse.jar;C:\Program Files\Java\jdk1.6.0_25\jre\lib\jce.jar;C:\Program Files\Java\jdk1.6.0_25\jre\lib\charsets.jar;C:\Program Files\Java\jdk1.6.0_25\jre\lib\modules\jdk.boot.jar;C:\Program Files\Java\jdk1.6.0_25\jre\classes"/>
    <property name="EXECUTOR_NUMBER" value="1"/>
    <property name="BASEDIR" value="C:\Tomcat"/>
    <property name="sun.desktop" value="windows"/>
    <property name="PATHEXT" value=".COM;.EXE;.BAT;.CMD;.VBS;.VBE;.JS;.JSE;.WSF;.WSH;.MSC"/>
    <property name="java.vm.specification.vendor" value="Sun Microsystems Inc."/>
    <property name="NODE_LABELS" value="master"/>
    <property name="TEMP" value="C:\Users\GRACEP~1\AppData\Local\Temp"/>
    <property name="java.runtime.version" value="1.6.0_25-b06"/>
    <property name="ANT_HOME" value="C:\JavaProjects\apache-ant-1.8.2-bin\apache-ant-1.8.2"/>
    <property name="_RUNJDB" value="&quot;C:\Program Files\Java\jdk1.6.0_25\bin\jdb&quot;"/>
    <property name="user.name" value="Grace Premila"/>
    <property name="guice.disable.misplaced.annotation.check" value="true"/>
    <property name="CommonProgramW6432" value="C:\Program Files\Common Files"/>
    <property name="CURRENT_DIR" value="C:\Tomcat\bin"/>
    <property name="ProgramFiles" value="C:\Program Files"/>
    <property name="PROMPT" value="$P$G"/>
    <property name="user.language" value="en"/>
    <property name="sun.boot.library.path" value="C:\Program Files\Java\jdk1.6.0_25\jre\bin"/>
    <property name="ACTION" value="start"/>
    <property name="LOCALAPPDATA" value="C:\Users\Grace Premila\AppData\Local"/>
    <property name="java.version" value="1.6.0_25"/>
    <property name="PROCESSOR_LEVEL" value="6"/>
    <property name="user.timezone" value="America/Los_Angeles"/>
    <property name="USERNAME" value="Grace Premila"/>
    <property name="sun.arch.data.model" value="64"/>
    <property name="NODE_NAME" value=""/>
    <property name="java.endorsed.dirs" value="C:\Program Files\Java\jdk1.6.0_25\jre\lib\endorsed"/>
    <property name="BUILD_ID" value="2012-01-31_11-32-20"/>
    <property name="sun.cpu.isalist" value="amd64"/>
    <property name="sun.jnu.encoding" value="Cp1252"/>
    <property name="file.encoding.pkg" value="sun.io"/>
    <property name="file.separator" value="\"/>
    <property name="EXECUTABLE" value="C:\Tomcat\bin\catalina.bat"/>
    <property name="java.specification.name" value="Java Platform API Specification"/>
    <property name="HOMEDRIVE" value="C:"/>
    <property name="JAVA_ENDORSED_DIRS" value="C:\Tomcat\endorsed"/>
    <property name="java.class.version" value="50.0"/>
    <property name="QTJAVA" value="C:\Program Files (x86)\Java\jre6\lib\ext\QTJava.zip"/>
    <property name="JRE_HOME" value="C:\Program Files\Java\jdk1.6.0_25"/>
    <property name="user.country" value="US"/>
    <property name="ALLUSERSPROFILE" value="C:\ProgramData"/>
    <property name="java.home" value="C:\Program Files\Java\jdk1.6.0_25\jre"/>
    <property name="LOGGING_MANAGER" value="-Djava.util.logging.manager=org.apache.juli.ClassLoaderLogManager"/>
    <property name="java.vm.info" value="mixed mode"/>
    <property name="os.version" value="6.1"/>
    <property name="CATALINA_HOME" value="C:\Tomcat"/>
    <property name="configsetroot" value="C:\Windows\ConfigSetRoot"/>
    <property name="TMP" value="C:\Users\GRACEP~1\AppData\Local\Temp"/>
    <property name="path.separator" value=";"/>
    <property name="java.vm.version" value="20.0-b11"/>
    <property name="JAVA_OPTS" value=" -Djava.util.logging.config.file=&quot;C:\Tomcat\conf\logging.properties&quot; -Djava.util.logging.manager=org.apache.juli.ClassLoaderLogManager"/>
    <property name="user.variant" value=""/>
    <property name="CommonProgramFiles(x86)" value="C:\Program Files (x86)\Common Files"/>
    <property name="java.awt.printerjob" value="sun.awt.windows.WPrinterJob"/>
    <property name="FP_NO_HOST_CHECK" value="NO"/>
    <property name="JAVA_HOME" value="C:\Program Files\Java\jdk1.6.0_25"/>
    <property name="sun.io.unicode.encoding" value="UnicodeLittle"/>
    <property name="CommonProgramFiles" value="C:\Program Files\Common Files"/>
    <property name="ComSpec" value="C:\Windows\system32\cmd.exe"/>
    <property name="HOMEPATH" value="\Users\Grace Premila"/>
    <property name="awt.toolkit" value="sun.awt.windows.WToolkit"/>
    <property name="COMPUTERNAME" value="GRACELAPTOP"/>
    <property name="asl.log" value="Destination=file"/>
    <property name="user.home" value="C:\Users\Grace Premila"/>
    <property name="PUBLIC" value="C:\Users\Public"/>
    <property name="BUILD_TAG" value="hudson-HelloWorldJob-8"/>
    <property name="HUDSON_URL" value="http://localhost:8080/"/>
    <property name="ProgramData" value="C:\ProgramData"/>
    <property name="java.specification.vendor" value="Sun Microsystems Inc."/>
    <property name="PYTHONHOME" value="C:\csvn\Python25\"/>
    <property name="USERPROFILE" value="C:\Users\Grace Premila"/>
    <property name="CLASSPATH" value=""/>
    <property name="java.vendor.url" value="http://java.sun.com/"/>
    <property name="java.library.path" value="C:\Program Files\Java\jdk1.6.0_25\bin;.;C:\Windows\Sun\Java\bin;C:\Windows\system32;C:\Windows;C:\Program Files\Java\jdk1.6.0_25/bin;C:\csvn\bin\;C:\csvn\Python25\;C:\Program Files (x86)\CollabNet\Subversion Client;C:\Program Files\Common Files\Microsoft Shared\Windows Live;C:\Program Files (x86)\Common Files\Microsoft Shared\Windows Live;C:\Windows\system32;C:\Windows;C:\Windows\System32\Wbem;C:\Windows\System32\WindowsPowerShell\v1.0\;C:\Program Files (x86)\Sony\VAIO Startup Setting Tool;C:\Program Files (x86)\Windows Live\Shared;C:\Program Files\Intel\WiFi\bin\;C:\Program Files\Common Files\Intel\WirelessCommon\;C:\Program Files (x86)\QuickTime\QTSystem\;C:\Program Files\Java\jdk1.6.0_25\bin;C:\JavaProjects\apache-ant-1.8.2-bin\apache-ant-1.8.2\bin;C:\JavaProjects\apache-maven-3.0.4\bin;C:\JavaProjects\UnxUpdates;C:\PROGRA~2\cvsnt;C:\Program Files (x86)\Git\bin;C:\Program Files (x86)\CVSNT\"/>
    <property name="java.vm.vendor" value="Sun Microsystems Inc."/>
    <property name="APPDATA" value="C:\Users\Grace Premila\AppData\Roaming"/>
    <property name="java.runtime.name" value="Java(TM) SE Runtime Environment"/>
    <property name="maven.home" value="C:\JavaProjects\Hudson_Tutorial\tools\Maven"/>
    <property name="java.class.path" value="C:\JavaProjects\Hudson_Tutorial\plugins\maven-plugin\WEB-INF\lib\maven3-agent-2.2.0.jar;C:\JavaProjects\Hudson_Tutorial\tools\Maven\boot\plexus-classworlds-2.4.jar"/>
    <property name="sun.java.command" value="org.jvnet.hudson.maven3.agent.Maven3Main C:\JavaProjects\Hudson_Tutorial\tools\Maven C:\Tomcat\webapps\hudson-2.2.0\WEB-INF\lib\hudson-remoting-2.2.0.jar C:\JavaProjects\Hudson_Tutorial\plugins\maven-plugin\WEB-INF\lib\maven3-interceptor-2.2.0.jar 53005"/>
    <property name="Path" value="C:\csvn\bin\;C:\csvn\Python25\;C:\Program Files (x86)\CollabNet\Subversion Client;C:\Program Files\Common Files\Microsoft Shared\Windows Live;C:\Program Files (x86)\Common Files\Microsoft Shared\Windows Live;C:\Windows\system32;C:\Windows;C:\Windows\System32\Wbem;C:\Windows\System32\WindowsPowerShell\v1.0\;C:\Program Files (x86)\Sony\VAIO Startup Setting Tool;C:\Program Files (x86)\Windows Live\Shared;C:\Program Files\Intel\WiFi\bin\;C:\Program Files\Common Files\Intel\WirelessCommon\;C:\Program Files (x86)\QuickTime\QTSystem\;C:\Program Files\Java\jdk1.6.0_25\bin;C:\JavaProjects\apache-ant-1.8.2-bin\apache-ant-1.8.2\bin;C:\JavaProjects\apache-maven-3.0.4\bin;C:\JavaProjects\UnxUpdates;C:\PROGRA~2\cvsnt;C:\Program Files (x86)\Git\bin;C:\Program Files (x86)\CVSNT\"/>
    <property name="java.vm.specification.name" value="Java Virtual Machine Specification"/>
    <property name="PROCESSOR_ARCHITECTURE" value="AMD64"/>
    <property name="PATH+JDK" value="C:\Program Files\Java\jdk1.6.0_25/bin"/>
    <property name="PROCESSOR_IDENTIFIER" value="Intel64 Family 6 Model 37 Stepping 5, GenuineIntel"/>
    <property name="SESSIONNAME" value="Console"/>
    <property name="java.vm.specification.version" value="1.0"/>
    <property name="sun.os.patch.level" value="Service Pack 1"/>
    <property name="CATALINA_BASE" value="C:\Tomcat"/>
    <property name="sun.cpu.endian" value="little"/>
    <property name="M2_HOME" value="C:\JavaProjects\apache-maven-3.0.4"/>
    <property name="java.io.tmpdir" value="C:\Users\GRACEP~1\AppData\Local\Temp\"/>
    <property name="OS" value="Windows_NT"/>
    <property name="TITLE" value="Tomcat"/>
    <property name="HUDSON_HOME" value="C:\JavaProjects\Hudson_Tutorial"/>
    <property name="ProgramFiles(x86)" value="C:\Program Files (x86)"/>
    <property name="BUILD_URL" value="http://localhost:8080/job/HelloWorldJob/8/"/>
    <property name="_EXECJAVA" value="start &quot;Tomcat&quot; &quot;C:\Program Files\Java\jdk1.6.0_25\bin\java&quot;"/>
    <property name="java.vendor.url.bug" value="http://java.sun.com/cgi-bin/bugreport.cgi"/>
    <property name="APR_ICONV1_PATH" value="C:\csvn\bin\iconv\"/>
    <property name="java.awt.graphicsenv" value="sun.awt.Win32GraphicsEnvironment"/>
    <property name="os.arch" value="amd64"/>
    <property name="SystemRoot" value="C:\Windows"/>
    <property name="LOGGING_CONFIG" value="-Djava.util.logging.config.file=&quot;C:\Tomcat\conf\logging.properties&quot;"/>
    <property name="java.ext.dirs" value="C:\Program Files\Java\jdk1.6.0_25\jre\lib\ext;C:\Windows\Sun\Java\lib\ext"/>
    <property name="user.dir" value="C:\JavaProjects\mywebapp\helloworld"/>
    <property name="JOB_URL" value="http://localhost:8080/job/HelloWorldJob/"/>
    <property name="CATALINA_TMPDIR" value="C:\Tomcat\temp"/>
    <property name="_RUNJAVA" value="&quot;C:\Program Files\Java\jdk1.6.0_25\bin\java&quot;"/>
    <property name="LOGONSERVER" value="\\GRACELAPTOP"/>
    <property name="USERDOMAIN" value="GraceLaptop"/>
    <property name="line.separator" value="
"/>
    <property name="java.vm.name" value="Java HotSpot(TM) 64-Bit Server VM"/>
    <property name="BUILD_NUMBER" value="8"/>
    <property name="PROCESSOR_REVISION" value="2505"/>
    <property name="GIT_BRANCH" value="master"/>
    <property name="ProgramW6432" value="C:\Program Files"/>
    <property name="windir" value="C:\Windows"/>
    <property name="GIT_COMMIT" value="6a69c2ca3d9b1b23ddc34df66727f3d25ac131a0"/>
    <property name="=C:" value="C:\Tomcat\bin"/>
    <property name="file.encoding" value="Cp1252"/>
    <property name="SystemDrive" value="C:"/>
    <property name="maven3.interceptor" value="C:\JavaProjects\Hudson_Tutorial\plugins\maven-plugin\WEB-INF\lib\maven3-interceptor-2.2.0.jar"/>
    <property name="WORKSPACE" value="C:\JavaProjects\Hudson_Tutorial\jobs\HelloWorldJob\workspace"/>
    <property name="MAINCLASS" value="org.apache.catalina.startup.Bootstrap"/>
    <property name="java.specification.version" value="1.6"/>
    <property name="PSModulePath" value="C:\Windows\system32\WindowsPowerShell\v1.0\Modules\"/>
  </properties>
  <testcase time="0.001" classname="org.arul.firstapp.AppTest" name="testApp"/>
</testsuite>